2024-06-24 20:06:317 INFO  StartPage :22 - Click on start button : [[ChromeDriver: chrome on windows (e4c467e576824f60750e4035f0d662ab)] -> xpath: //a[@class ='gem-c-button govuk-button govuk-button--start']]
2024-06-24 20:06:747 INFO  StartPage :22 - Click on start button : [[ChromeDriver: chrome on windows (be60c2bb767efaf999e8e663f6bf4107)] -> xpath: //a[@class ='gem-c-button govuk-button govuk-button--start']]
2024-06-24 20:06:568 INFO  StartPage :22 - Click on start button : [[ChromeDriver: chrome on windows (8dbe0b2c2bb32bb9492190e6171188c3)] -> xpath: //a[@class ='gem-c-button govuk-button govuk-button--start']]
2024-06-24 20:06:03 INFO  StartPage :22 - Click on start button : [[ChromeDriver: chrome on windows (32254407e3bc9833d4bb15f385e66f91)] -> xpath: //a[@class ='gem-c-button govuk-button govuk-button--start']]
2024-06-24 20:06:507 INFO  StartPage :22 - Click on start button : [[ChromeDriver: chrome on windows (a6b90244560639b66c7ca3dd9e668746)] -> xpath: //a[@class ='gem-c-button govuk-button govuk-button--start']]
2024-06-24 20:06:493 INFO  StartPage :22 - Click on start button : [[ChromeDriver: chrome on windows (93a76db235da9936e1a8375281b8163e)] -> xpath: //a[@class ='gem-c-button govuk-button govuk-button--start']]
2024-06-24 20:06:271 INFO  StartPage :22 - Click on start button : [[ChromeDriver: chrome on windows (d341554a24d467cc62d4255f83cff166)] -> xpath: //a[@class ='gem-c-button govuk-button govuk-button--start']]
2024-06-24 20:06:875 INFO  StartPage :22 - Click on start button : [[ChromeDriver: chrome on windows (447c43261f19e2fe60470372cad314ac)] -> xpath: //a[@class ='gem-c-button govuk-button govuk-button--start']]
2024-06-24 20:06:758 INFO  StartPage :22 - Click on start button : [[ChromeDriver: chrome on windows (7cff2775ae4db3c4b4e10fce03415eb1)] -> xpath: //a[@class ='gem-c-button govuk-button govuk-button--start']]
2024-06-24 20:06:568 INFO  StartPage :22 - Click on start button : [[ChromeDriver: chrome on windows (8ddff86b19e4fc6c8ddbb6c50d40edca)] -> xpath: //a[@class ='gem-c-button govuk-button govuk-button--start']]
2024-06-24 20:06:360 INFO  StartPage :22 - Click on start button : [[ChromeDriver: chrome on windows (97fbb47cfe05bb23a17c1c3b5fa68978)] -> xpath: //a[@class ='gem-c-button govuk-button govuk-button--start']]
2024-06-24 20:06:718 INFO  StartPage :22 - Click on start button : [[ChromeDriver: chrome on windows (23c65199b7881e158c21e2cc3d372d8a)] -> xpath: //a[@class ='gem-c-button govuk-button govuk-button--start']]
2024-06-24 20:06:518 INFO  StartPage :22 - Click on start button : [[ChromeDriver: chrome on windows (1e4c2bb7901bff518e320ec51b642ea2)] -> xpath: //a[@class ='gem-c-button govuk-button govuk-button--start']]
2024-06-24 20:06:229 INFO  StartPage :22 - Click on start button : [[ChromeDriver: chrome on windows (7c58ba64843038673c520b07182f5a0d)] -> xpath: //a[@class ='gem-c-button govuk-button govuk-button--start']]
2024-06-24 20:06:102 INFO  StartPage :22 - Click on start button : [[ChromeDriver: chrome on windows (2a2d556044933dcf1b7790f8a74223da)] -> xpath: //a[@class ='gem-c-button govuk-button govuk-button--start']]
2024-06-24 20:06:666 INFO  StartPage :22 - Click on start button : [[ChromeDriver: chrome on windows (84c109b79ae4fe18f9c818c97e160de0)] -> xpath: //a[@class ='gem-c-button govuk-button govuk-button--start']]
2024-06-24 20:06:687 INFO  StartPage :22 - Click on start button : [[ChromeDriver: chrome on windows (21b441b23232a3906c33fb7b8f7f54b7)] -> xpath: //a[@class ='gem-c-button govuk-button govuk-button--start']]
2024-06-24 20:06:460 INFO  StartPage :22 - Click on start button : [[ChromeDriver: chrome on windows (91d2692f51d61047361e9e3c75bc87dc)] -> xpath: //a[@class ='gem-c-button govuk-button govuk-button--start']]
2024-06-24 20:06:341 INFO  StartPage :22 - Click on start button : [[ChromeDriver: chrome on windows (0afe7255697fe1197ae0186b3f6ea73a)] -> xpath: //a[@class ='gem-c-button govuk-button govuk-button--start']]
2024-06-24 20:06:422 INFO  StartPage :22 - Click on start button : [[ChromeDriver: chrome on windows (765a719a84a3a43480e5b1d150eb7218)] -> xpath: //a[@class ='gem-c-button govuk-button govuk-button--start']]
2024-06-24 20:06:366 INFO  StartPage :22 - Click on start button : [[ChromeDriver: chrome on windows (fd4b415ceacb1bc9928cfa47dd277e21)] -> xpath: //a[@class ='gem-c-button govuk-button govuk-button--start']]
2024-06-24 20:06:989 INFO  StartPage :22 - Click on start button : [[ChromeDriver: chrome on windows (e649c5b3c809ca27e29d0a48cac90e28)] -> xpath: //a[@class ='gem-c-button govuk-button govuk-button--start']]
2024-06-24 20:06:68 INFO  StartPage :22 - Click on start button : [[ChromeDriver: chrome on windows (d69aec889b77a2ff7ded6454da37ee06)] -> xpath: //a[@class ='gem-c-button govuk-button govuk-button--start']]
2024-06-24 20:06:85 INFO  StartPage :22 - Click on start button : [[ChromeDriver: chrome on windows (b8a97dc487b49ef4dabbabefb078155e)] -> xpath: //a[@class ='gem-c-button govuk-button govuk-button--start']]
2024-06-24 20:06:21 INFO  StartPage :22 - Click on start button : [[ChromeDriver: chrome on windows (1945fae3332bf8ea759ca713f15999fe)] -> xpath: //a[@class ='gem-c-button govuk-button govuk-button--start']]
2024-06-24 20:06:123 INFO  StartPage :22 - Click on start button : [[ChromeDriver: chrome on windows (ba99888aa23f1ac56717887731c202bc)] -> xpath: //a[@class ='gem-c-button govuk-button govuk-button--start']]
2024-06-24 20:06:09 INFO  StartPage :22 - Click on start button : [[ChromeDriver: chrome on windows (2ba70355be934355d8ac281939caffdb)] -> xpath: //a[@class ='gem-c-button govuk-button govuk-button--start']]
2024-06-24 21:06:337 INFO  StartPage :22 - Click on start button : [[ChromeDriver: chrome on windows (5f369b5d137f07f0eaa67cda4199e4c8)] -> xpath: //a[@class ='gem-c-button govuk-button govuk-button--start']]
2024-06-24 21:06:350 INFO  StartPage :22 - Click on start button : [[ChromeDriver: chrome on windows (3b7b20eb24adeaf74576a06b242152b9)] -> xpath: //a[@class ='gem-c-button govuk-button govuk-button--start']]
2024-06-24 21:06:410 INFO  StartPage :22 - Click on start button : [[ChromeDriver: chrome on windows (e157df754575c00ff785640c6143e74d)] -> xpath: //a[@class ='gem-c-button govuk-button govuk-button--start']]
2024-06-24 21:06:697 INFO  StartPage :22 - Click on start button : [[ChromeDriver: chrome on windows (14666b5ebfdf5d0371a5f981335b0b5a)] -> xpath: //a[@class ='gem-c-button govuk-button govuk-button--start']]
2024-06-24 21:06:385 INFO  StartPage :22 - Click on start button : [[ChromeDriver: chrome on windows (53d151fa017b2e023d5bfe55da58e906)] -> xpath: //a[@class ='gem-c-button govuk-button govuk-button--start']]
2024-06-24 21:06:578 INFO  StartPage :22 - Click on start button : [[ChromeDriver: chrome on windows (8dd1af9aeb25da957a8c796ef948dc5d)] -> xpath: //a[@class ='gem-c-button govuk-button govuk-button--start']]
2024-06-24 21:06:420 INFO  StartPage :22 - Click on start button : [[ChromeDriver: chrome on windows (839d6ad84d8f68a5c0e5b02bcc3e6d79)] -> xpath: //a[@class ='gem-c-button govuk-button govuk-button--start']]
2024-06-24 21:06:583 INFO  StartPage :22 - Click on start button : [[ChromeDriver: chrome on windows (8c2be168b103b6905dc9a2315aa5a3b5)] -> xpath: //a[@class ='gem-c-button govuk-button govuk-button--start']]
2024-06-24 21:06:505 INFO  StartPage :22 - Click on start button : [[ChromeDriver: chrome on windows (c5a8fa1200289c5f7e95a97199184f9a)] -> xpath: //a[@class ='gem-c-button govuk-button govuk-button--start']]
2024-06-24 21:06:561 INFO  StartPage :22 - Click on start button : [[ChromeDriver: chrome on windows (aed2cd77a91b7d7c9c31b97df34c190e)] -> xpath: //a[@class ='gem-c-button govuk-button govuk-button--start']]
2024-06-24 21:06:739 INFO  StartPage :22 - Click on start button : [[ChromeDriver: chrome on windows (a867611f5918a5fdf20e376f0cd41ff0)] -> xpath: //a[@class ='gem-c-button govuk-button govuk-button--start']]
2024-06-24 21:06:564 INFO  SelectNationalityPage :44 - Accept cookies : [[ChromeDriver: chrome on windows (f810d236c8cdaff2332cdf7fcd38f435)] -> xpath: //button[contains(text(), 'Accept additional cookies')]]
2024-06-24 21:06:823 INFO  StartPage :22 - Click on start button : [[ChromeDriver: chrome on windows (f810d236c8cdaff2332cdf7fcd38f435)] -> xpath: //a[@class ='gem-c-button govuk-button govuk-button--start']]
2024-06-24 21:06:172 INFO  SelectNationalityPage :50 - Click on continue button : [[ChromeDriver: chrome on windows (f810d236c8cdaff2332cdf7fcd38f435)] -> xpath: //button[contains(text(), 'Accept additional cookies')]]
2024-06-24 21:06:91 INFO  ReasonForTravelPage :52 - Button for Reason : [[ChromeDriver: chrome on windows (f810d236c8cdaff2332cdf7fcd38f435)] -> xpath: //button[contains(text(),'Continue')]]
2024-06-24 21:06:872 INFO  SelectNationalityPage :44 - Accept cookies : [[ChromeDriver: chrome on windows (a670e28e5924c4f598da6d0455b11c77)] -> xpath: //button[contains(text(), 'Accept additional cookies')]]
2024-06-24 21:06:781 INFO  StartPage :22 - Click on start button : [[ChromeDriver: chrome on windows (a670e28e5924c4f598da6d0455b11c77)] -> xpath: //a[@class ='gem-c-button govuk-button govuk-button--start']]
2024-06-24 21:06:60 INFO  SelectNationalityPage :50 - Click on continue button : [[ChromeDriver: chrome on windows (a670e28e5924c4f598da6d0455b11c77)] -> xpath: //button[contains(text(), 'Accept additional cookies')]]
2024-06-24 21:06:105 INFO  ReasonForTravelPage :57 - Reason Work Academic visit : [[ChromeDriver: chrome on windows (a670e28e5924c4f598da6d0455b11c77)] -> xpath: //label[normalize-space()='Work, academic visit or business']]
2024-06-24 21:06:53 INFO  ReasonForTravelPage :52 - Button for Reason : [[ChromeDriver: chrome on windows (a670e28e5924c4f598da6d0455b11c77)] -> xpath: //button[contains(text(),'Continue')]]
2024-06-24 21:06:97 INFO  DurationOfStayPage :23 - Duration of stay : [[ChromeDriver: chrome on windows (a670e28e5924c4f598da6d0455b11c77)] -> xpath: //label[normalize-space()='longer than 6 months']]
2024-06-24 21:06:238 INFO  ReasonForTravelPage :52 - Button for Reason : [[ChromeDriver: chrome on windows (a670e28e5924c4f598da6d0455b11c77)] -> xpath: //button[contains(text(),'Continue')]]
2024-06-24 21:06:284 INFO  WorkTypePage :24 - Select work for 'Health and care professional : [[ChromeDriver: chrome on windows (a670e28e5924c4f598da6d0455b11c77)] -> xpath: //label[normalize-space()='Health and care professional']]
2024-06-24 21:06:349 INFO  WorkTypePage :29 - click om continue button for healthcare : [[ChromeDriver: chrome on windows (a670e28e5924c4f598da6d0455b11c77)] -> xpath: //button[normalize-space()='Continue']]
2024-06-24 21:06:83 INFO  SelectNationalityPage :44 - Accept cookies : [[ChromeDriver: chrome on windows (52c53fc03254f81cf43ee105555fa874)] -> xpath: //button[contains(text(), 'Accept additional cookies')]]
2024-06-24 21:06:951 INFO  StartPage :22 - Click on start button : [[ChromeDriver: chrome on windows (52c53fc03254f81cf43ee105555fa874)] -> xpath: //a[@class ='gem-c-button govuk-button govuk-button--start']]
2024-06-24 21:06:663 INFO  SelectNationalityPage :50 - Click on continue button : [[ChromeDriver: chrome on windows (52c53fc03254f81cf43ee105555fa874)] -> xpath: //button[contains(text(), 'Accept additional cookies')]]
2024-06-24 21:06:708 INFO  ReasonForTravelPage :63 - Reason for join partner or family : [[ChromeDriver: chrome on windows (52c53fc03254f81cf43ee105555fa874)] -> xpath: //label[normalize-space()='Join partner or family for a long stay']]
2024-06-24 21:06:329 INFO  ReasonForTravelPage :52 - Button for Reason : [[ChromeDriver: chrome on windows (52c53fc03254f81cf43ee105555fa874)] -> xpath: //button[contains(text(),'Continue')]]
2024-06-24 21:06:359 INFO  FamilyImmigrationStatusPage :18 - Verify text you may need visa to join family or partner : [[ChromeDriver: chrome on windows (52c53fc03254f81cf43ee105555fa874)] -> xpath: //h2[normalize-space()='You may need a visa']]
